Oct-03 13:42:17.338 [main] DEBUG nextflow.cli.Launcher - $> nextflow scripts/0_qc.nf
Oct-03 13:42:17.441 [main] INFO  nextflow.cli.CmdRun - N E X T F L O W  ~  version 19.09.0-edge
Oct-03 13:42:17.450 [main] INFO  nextflow.cli.CmdRun - Launching `scripts/0_qc.nf` [high_hypatia] - revision: d73c706991
Oct-03 13:42:17.510 [main] DEBUG nextflow.extension.OperatorEx - Dataflow extension methods: branch,buffer,chain,choice,collate,collect,collectFile,combine,concat,count,countBy,countFasta,countFastq,countLines,countText,cross,distinct,filter,first,flatMap,flatten,fork,groupBy,groupTuple,ifEmpty,into,join,last,map,max,mean,merge,min,mix,phase,print,println,randomSample,reduce,route,separate,set,splitCsv,splitFasta,splitFastq,splitText,spread,subscribe,sum,take,tap,toDouble,toFloat,toInteger,toList,toLong,toSortedList,transpose,unique,until,view
Oct-03 13:42:17.520 [main] DEBUG nextflow.Session - Session uuid: c1b40986-61c7-4a8c-96fd-105019b27f64
Oct-03 13:42:17.520 [main] DEBUG nextflow.Session - Run name: high_hypatia
Oct-03 13:42:17.521 [main] DEBUG nextflow.Session - Executor pool size: 64
Oct-03 13:42:17.529 [main] DEBUG nextflow.cli.CmdRun - 
  Version: 19.09.0-edge build 5167
  Created: 16-09-2019 21:15 UTC (17-09-2019 09:15 NZDT)
  System: Linux 5.0.0-29-generic
  Runtime: Groovy 2.5.8 on OpenJDK 64-Bit Server VM 1.8.0_222-8u222-b10-1ubuntu1~19.04.1-b10
  Encoding: UTF-8 (UTF-8)
  Process: 127552@josephguhlin [127.0.1.1]
  CPUs: 64 - Mem: 125.8 GB (63 GB) - Swap: 976 MB (976 MB)
Oct-03 13:42:17.577 [main] DEBUG nextflow.Session - Work-dir: /home/josephguhlin/work/nextflow-training/work [ext2/ext3]
Oct-03 13:42:17.577 [main] DEBUG nextflow.Session - Script base path does not exist or is not a directory: /home/josephguhlin/work/nextflow-training/scripts/bin
Oct-03 13:42:17.589 [main] DEBUG nextflow.Session - Observer factory: TowerFactory
Oct-03 13:42:17.591 [main] DEBUG nextflow.Session - Observer factory: DefaultObserverFactory
Oct-03 13:42:17.682 [main] DEBUG nextflow.Session - Session start invoked
Oct-03 13:42:17.915 [main] DEBUG nextflow.script.ScriptRunner - > Launching execution
Oct-03 13:42:17.953 [PathVisitor-1] DEBUG nextflow.file.PathVisitor - files for syntax: glob; folder: ../sequences/; pattern: *_{1,2}.fastq.gz; options: [:]
Oct-03 13:42:17.956 [PathVisitor-1] DEBUG nextflow.file.PathVisitor - No such file: ../sequences/ -- Skipping visit
Oct-03 13:42:17.999 [main] DEBUG nextflow.script.BaseScript - No entry workflow defined
Oct-03 13:42:17.999 [main] DEBUG nextflow.script.ScriptRunner - > Await termination 
Oct-03 13:42:18.000 [main] DEBUG nextflow.Session - Session await
Oct-03 13:42:18.000 [main] DEBUG nextflow.Session - Session await > all process finished
Oct-03 13:42:18.000 [main] DEBUG nextflow.Session - Session await > all barriers passed
Oct-03 13:42:18.005 [main] DEBUG nextflow.trace.StatsObserver - Workflow completed > WorkflowStats[succeedCount=0; failedCount=0; ignoredCount=0; cachedCount=0; succeedDuration=0ms; failedDuration=0ms; cachedDuration=0ms]
Oct-03 13:42:18.098 [main] DEBUG nextflow.CacheDB - Closing CacheDB done
Oct-03 13:42:18.185 [main] DEBUG nextflow.script.ScriptRunner - > Execution complete -- Goodbye
