Oct.-03 20:21:13.588 [main] DEBUG nextflow.cli.Launcher - $> nextflow 0_qc.nf
Oct.-03 20:21:13.684 [main] INFO  nextflow.cli.CmdRun - N E X T F L O W  ~  version 19.09.0-edge
Oct.-03 20:21:13.691 [main] INFO  nextflow.cli.CmdRun - Launching `0_qc.nf` [suspicious_thompson] - revision: 4b2add7bbf
Oct.-03 20:21:13.766 [main] DEBUG nextflow.extension.OperatorEx - Dataflow extension methods: branch,buffer,chain,choice,collate,collect,collectFile,combine,concat,count,countBy,countFasta,countFastq,countLines,countText,cross,distinct,filter,first,flatMap,flatten,fork,groupBy,groupTuple,ifEmpty,into,join,last,map,max,mean,merge,min,mix,phase,print,println,randomSample,reduce,route,separate,set,splitCsv,splitFasta,splitFastq,splitText,spread,subscribe,sum,take,tap,toDouble,toFloat,toInteger,toList,toLong,toSortedList,transpose,unique,until,view
Oct.-03 20:21:13.777 [main] DEBUG nextflow.Session - Session uuid: 160f9adf-9ff9-450f-a622-15ecf4d8d2f6
Oct.-03 20:21:13.777 [main] DEBUG nextflow.Session - Run name: suspicious_thompson
Oct.-03 20:21:13.778 [main] DEBUG nextflow.Session - Executor pool size: 64
Oct.-03 20:21:13.802 [main] DEBUG nextflow.cli.CmdRun - 
  Version: 19.09.0-edge build 5167
  Created: 16-09-2019 21:15 UTC (17-09-2019 09:15 NZDT)
  System: Linux 5.0.0-29-generic
  Runtime: Groovy 2.5.8 on OpenJDK 64-Bit Server VM 11.0.1-internal+0-adhoc..src
  Encoding: UTF-8 (UTF-8)
  Process: 104682@josephguhlin [127.0.1.1]
  CPUs: 64 - Mem: 125.8 GB (75.6 GB) - Swap: 976 MB (956 MB)
Oct.-03 20:21:13.820 [main] DEBUG nextflow.Session - Work-dir: /home/josephguhlin/work/nextflow-training/scripts/work [ext2/ext3]
Oct.-03 20:21:13.820 [main] DEBUG nextflow.Session - Script base path does not exist or is not a directory: /home/josephguhlin/work/nextflow-training/scripts/bin
Oct.-03 20:21:13.834 [main] DEBUG nextflow.Session - Observer factory: TowerFactory
Oct.-03 20:21:13.836 [main] DEBUG nextflow.Session - Observer factory: DefaultObserverFactory
Oct.-03 20:21:13.958 [main] DEBUG nextflow.Session - Session start invoked
Oct.-03 20:21:14.183 [main] DEBUG nextflow.script.ScriptRunner - > Launching execution
Oct.-03 20:21:14.219 [PathVisitor-1] DEBUG nextflow.file.PathVisitor - files for syntax: glob; folder: ../sequences/; pattern: *_{1,2}.fastq.gz; options: [:]
Oct.-03 20:21:14.335 [main] DEBUG nextflow.executor.ExecutorFactory - << taskConfig executor: null
Oct.-03 20:21:14.335 [main] DEBUG nextflow.executor.ExecutorFactory - >> processorType: 'local'
Oct.-03 20:21:14.338 [main] DEBUG nextflow.executor.Executor - [warm up] executor > local
Oct.-03 20:21:14.341 [main] DEBUG n.processor.LocalPollingMonitor - Creating local task monitor for executor 'local' > cpus=64; memory=125.8 GB; capacity=64; pollInterval=100ms; dumpInterval=5m
Oct.-03 20:21:14.371 [main] DEBUG nextflow.processor.TaskProcessor - Creating operator > fastQC -- maxForks: 64
Oct.-03 20:21:14.402 [main] DEBUG nextflow.executor.ExecutorFactory - << taskConfig executor: null
Oct.-03 20:21:14.402 [main] DEBUG nextflow.executor.ExecutorFactory - >> processorType: 'local'
Oct.-03 20:21:14.404 [main] DEBUG nextflow.processor.TaskProcessor - Creating operator > MultiQC -- maxForks: 64
Oct.-03 20:21:14.407 [main] DEBUG nextflow.script.BaseScript - No entry workflow defined
Oct.-03 20:21:14.409 [main] DEBUG nextflow.script.ScriptRunner - > Await termination 
Oct.-03 20:21:14.410 [main] DEBUG nextflow.Session - Session await
Oct.-03 20:21:14.476 [Actor Thread 7] DEBUG nextflow.conda.CondaCache - Conda found local env for environment=bioconda::fastqc; path=/home/josephguhlin/work/nextflow-training/scripts/work/conda/env-2472c99747f9fb1a6eef40cd9db2844a
Oct.-03 20:21:14.537 [Task submitter] DEBUG nextflow.executor.LocalTaskHandler - Launch cmd line: /bin/bash -ue .command.run
Oct.-03 20:21:14.541 [Task submitter] INFO  nextflow.Session - [8f/e0660e] Submitted process > fastQC (2)
Oct.-03 20:21:14.549 [Task submitter] DEBUG nextflow.executor.LocalTaskHandler - Launch cmd line: /bin/bash -ue .command.run
Oct.-03 20:21:14.550 [Task submitter] INFO  nextflow.Session - [c2/3a051b] Submitted process > fastQC (4)
Oct.-03 20:21:14.555 [Task submitter] DEBUG nextflow.executor.LocalTaskHandler - Launch cmd line: /bin/bash -ue .command.run
Oct.-03 20:21:14.556 [Task submitter] INFO  nextflow.Session - [ed/96d52e] Submitted process > fastQC (3)
Oct.-03 20:21:14.562 [Task submitter] DEBUG nextflow.executor.LocalTaskHandler - Launch cmd line: /bin/bash -ue .command.run
Oct.-03 20:21:14.562 [Task submitter] INFO  nextflow.Session - [08/7b8789] Submitted process > fastQC (1)
Oct.-03 20:21:19.989 [Task monitor] DEBUG n.processor.TaskPollingMonitor - Task completed > TaskHandler[id: 1; name: fastQC (1); status: COMPLETED; exit: 0; error: -; workDir: /home/josephguhlin/work/nextflow-training/scripts/work/08/7b878913cbabfd15fb2c605836bd47]
Oct.-03 20:21:31.973 [Task monitor] DEBUG n.processor.TaskPollingMonitor - Task completed > TaskHandler[id: 3; name: fastQC (2); status: COMPLETED; exit: 0; error: -; workDir: /home/josephguhlin/work/nextflow-training/scripts/work/8f/e0660e8e0214740e7d20b11f159058]
Oct.-03 20:21:38.922 [Task monitor] DEBUG n.processor.TaskPollingMonitor - Task completed > TaskHandler[id: 4; name: fastQC (3); status: COMPLETED; exit: 0; error: -; workDir: /home/josephguhlin/work/nextflow-training/scripts/work/ed/96d52e5e7b3655907a0f5a69edf038]
Oct.-03 20:21:45.944 [Task monitor] DEBUG n.processor.TaskPollingMonitor - Task completed > TaskHandler[id: 2; name: fastQC (4); status: COMPLETED; exit: 0; error: -; workDir: /home/josephguhlin/work/nextflow-training/scripts/work/c2/3a051bd6568185730b06d9fddbfe4d]
Oct.-03 20:21:45.956 [Actor Thread 11] DEBUG nextflow.conda.CondaCache - Conda found local env for environment=bioconda::multiqc; path=/home/josephguhlin/work/nextflow-training/scripts/work/conda/env-3abca7a24ea4d6c708bf4c6cea6413d2
Oct.-03 20:21:45.963 [Task submitter] DEBUG nextflow.executor.LocalTaskHandler - Launch cmd line: /bin/bash -ue .command.run
Oct.-03 20:21:45.964 [Task submitter] INFO  nextflow.Session - [7c/7dc5ba] Submitted process > MultiQC
Oct.-03 20:21:49.687 [Task monitor] DEBUG n.processor.TaskPollingMonitor - Task completed > TaskHandler[id: 5; name: MultiQC; status: COMPLETED; exit: 0; error: -; workDir: /home/josephguhlin/work/nextflow-training/scripts/work/7c/7dc5bac94aa3be0270c4b63d7ae79b]
Oct.-03 20:21:49.698 [main] DEBUG nextflow.Session - Session await > all process finished
Oct.-03 20:21:49.787 [main] DEBUG nextflow.Session - Session await > all barriers passed
Oct.-03 20:21:49.793 [main] DEBUG nextflow.trace.StatsObserver - Workflow completed > WorkflowStats[succeedCount=5; failedCount=0; ignoredCount=0; cachedCount=0; succeedDuration=1m 22s; failedDuration=0ms; cachedDuration=0ms]
Oct.-03 20:21:49.831 [main] DEBUG nextflow.CacheDB - Closing CacheDB done
Oct.-03 20:21:49.845 [main] DEBUG nextflow.script.ScriptRunner - > Execution complete -- Goodbye
